[  0.00000]niialing cgroup subsys cpuset
   0.00] Initializing cgroup subsys cpu
[    0.000000] Initializing cgroup subsys cpuacct
[    .000000Linux version 4.4.0-128-generic (buildd@lcy01-amd64-002) (gcc version 5.4.0 2160609 bunu .4.0-6ubuntu1~16.04.9) ) #154-Ubuntu SMP Fri May 25 141458UTC 2018 (Ubuntu 4.4.0-12815geeric .4.131)
[    0.000000] KERNEL supported cpus:
[    0.000000]   Intel GenuineIntel
[    0.000000]   AMD AuthenticAMD
[   0.000000]   NSC Geode by NSC
[    0.000000]   Cyrix CyrixInstead
[    000000]   enurCentaurHaul
  0.000000]   Transmeta GenuineTMx86
[    0.000000]   Transmeta TransmetaCPU
[    0.000000]   UMC UMC UMC UMC
[    0.000000] x86/fpu: xstate_offset[2]:  576, xstate_sizes[2]:  256
[    0.000000] x86/fpu: Supporting XSAVE feature 0x01: 'x87 floating point registers'
[    0.000000] x86/fpu: Supporting XSAVE feature 0x02: 'SSE registers'
[    0.000000] x86/fpu: Supporting XSAVE feature 0x04: 'AVX registers'
[    0.000000] x86/fpu: Enabled xstate features 0x7, context size is 832 bytes, using 'standard format.
[    0.000000] x86/fpu: Using 'lazy' FPU context switches.
[    0.000000] e820: BIOS-provided physical RAM map:
[    0.000000] BIOS-e820: [me0x00000000000000-0x000000000009fbff] usable
[    0.000000] BIOS-e820: [mem 0x000000000009fc00-0x0000000009ffff] reserved
[    0.000000] BIOS-e820: [mem 0x00000000000f000-0x0000000fffff] reserved
[    0.000000] BIOS-e820: [mem 0x000000000000-0x0000003fffff] usable
[    0.000000] BIOS-e820: [mem 0x000000003fff0000-0x000000003fffffff] ACPI data
[    0.000000] BIOS-e820: [mem 0x00000000fec00000-0x00000000fec00fff] resrved
[    0.000000] BIOS-e820: [mem 0x00000000fee00000-0x00000000fee00fff] reservd[  0.000000] BIOS-e820: [mem 0x00000000fffc0000-0x00000000ffffffff] reserved
[    0.000000] NX (Execute Disable) protection: active
[    0.000000] SMBIOS 2.5 present.
[    0.000000] Hypervisor detected: KVM
[    0.000000] e820: laspfn 0xff max_chfn = 0x1000000
[    0.000000] MTRR: Disabled
[    0.000000] x86/PAT: MTRRs disabled, skipping PAT initialization too.
[    0.000000CPMTRR a bank  vtualized system.
[    0.000000] x86/PAT: Configuration [0-7]: WB  WT  UC- UC  WB  WT  UC- UC  
[    0.000000] found SMP MP-table at [mem 0x0009fff0-0x0009ffff] mapped at [c009fff0]
[    0.000000] Scanning 1 areas for low memory corruption
[    0.000000] RAMDISK: [mem 0x36a9a000-0x37544fff]
[    0.000000] ACPI: Early table checksum verification disabled
[    0.000000] ACPI: RSDP 0x00000000000E0000 000024 (v02 VBOX  )
[    0.000000] ACPI: XSDT 0x000000003FFF0030 00003C (v01 VBOX   VBOXXSDT 00000001 ASL  00000061)
[    0.000000] ACPI: FACP 0x000000003FFF00F0 0000F4 (v04 VBOX   VBOXFACP 00000001 ASL  00000061)[   .00000ACI: DT 0x0000003FF0470 0021FF (v02 VBOX   VBOXBIOS 00000002 INTL 20100528)
[    0.000000] ACPI: FACS 0x000000003FFF0200 000040
[    0.000000] ACPI: FACS 0x000000003FFF0200 000040
[    0.00000] PI: AP 000000003FFF0240 00005C (v2 OX  VBOXAPIC 0000 ASL 00061)    0.000000] ACPI: SSDT 0x000000003FFF02A0 0001CC (v01 VBOX   VBOXCPUT 00000002 INTL 20100528)
[    0.000000] 131MB IGHMEM vaabe.
[    0.000000] 891MB LOWMEM available.
[    0.000000]   mapped low ram: 0 - 37bfe000
[    0.000000]   low ram: 0 - 37bf00
[    .0000] kvm-clock: Using msrs 4b564d01 and 4b564d00
[    0.000000] kvm-clock: cpu 0, msr 0:37bfd001, primary cpu clock
[    0.000000] kvm-clock: using sched offset of 3750410cyles
[  0.0000] clocksource: kvm-clock: mask: 0xffffffffffffffff max_cycles: 0x1cd42e4dffb, max_idle_ns 8595914 n
[   0.0000Zoneraes
[   00000]   DM   [mem 00000000010-00000000ffff
   0.000   Noral [em 0x0000010000x000007bfdfff]
[   000000]   HighMem  [mem 0x0000000037bfe000-0x000000003ffefff][    0.000000] Movblzoe start for each node
[    0.000000] Early memory node ranges
[    0.000000]   node   0: [mem 0x0000000000001000-0x000000000009efff]
[    0.000000]   node   0: [mem 0x0000000000100000-0x000000003ffeffff]
[    0.000000] Initmem setup node 0 [mem 0x0000000000001000-0x000000003ffeffff]
[    0.000000] Using APIC driver default
[    0.000000] ACPI: PM-Timer IO Port: 0x4008
[    0.000000] IOAPIC[0]: apic_id 2, version 32, address 0xfec00000, GSI 0-23
[    0.000000] ACPI: INT_SRC_OVR (bus 0 bus_irq 0 global_irq 2 dfl dfl)
[    0.000000] ACPI: INT_SRC_OVR (bus 0 bus_irq 9 global_irq 9ow level)
[    0.000000] Using ACPI (MADT) for SMP configuration information
[    0.000000] smpboot: Allowing 2 CPUs, 0 hotplug CPUs
[    0.000000] PM: Registered nosave memory: [mem 0x00000000-0x00000fff]
[    0.000000] PM: Registered nosave memory: [mem 0x0009f000-0x0009ffff]
[    0.000000] PM: Registered nosave memory: [mem 0x000a0000-0x000effff]
[    0.000000] PM: Registered nosave memory: [mem 0x000f0000-0x000fffff]
[    0.000000] e820: [mem 0x40000000-0xfebfffff] available for PCI devices
[    0.000000] Booting paravirtualized kernel on KVM
[    0.0000] clckure: fid-jifies: mask: 0xffffffff max_cycles: 0xffffffff, max_idle_ns: 7645519600211568 ns
[    0.000000] setup_percpu: NR_CPUS:8 nr_cpumask_bits:8 nr_cpu_ids:2 nr_node_ids:1
[    0.000000] PERCPU: Embedded 19 pages/cpu @f76b0000 s47436 r0 d30388 u77824
[    0.000000] PV qspinlock hash table entries: 512 (order: 0, 4096 bytes)
[    0.000000] Built 1 zonelists in Zone order, mobility grouping on.  Total pages: 259800
[    0.000000] Kernel command line: BOOT_IMAGE=/boot/vmlinuz-4.4.0-128-generic root=LABEL=cloudimg-rootfs ro console=tty1 console=ttyS0
[    0.000000] PID hash table entries: 4096 (order: 2, 16384 bytes)
[    0.000000] Dentry cache hash table entries: 131072 (order: 7, 524288 bytes)
[    0.000000] Inode-cache hash table entries: 65536 (order: 6, 262144 bytes)
[    0.000000] Initializing CPU#0
[    0.000000] Initializing HighMem for node 0 (00037bfe:0003fff0)
[    0.000000] Initializing Movable for node 0 (00000000:00000000)
[    0.000000] Memory: 1011916K/1048120K available (8021K kernel code, 782K rwdata, 3176K rodata, 948K init, 800 b, 36204 rerved, 0K cma-reserved, 135112K highmem)
[    0.000000] virtual kernel memory layout:
[    0.000000]     fixmap  : 0xfff15000 - 0xfffff000   ( 936 kB)
[    0.000000]     pkmap   : 0xffc00000 - 0xffe00000   (2048 kB)
[    0.000000]     vmallo :xffe000 0xffbfe000   ( 120 MB)
[    0.000000]     lowmem  : 0xc0000000 - 0xf7bfe000   ( 891 MB)
[    0.000000]       .init : 0xc1bb6000 - 0xc1ca3000   ( 948 kB)
[    0.000000]       .data : 0xc17d5964 - 0xc1bb4840   (3963 kB)
[    0.000000]       .text : 0xc1000000 - 0xc17d5964   (8022 kB)
[    0.000000] Checking if this processor honours the WP bit even in supervisor mode...Ok.
[    0.000000] SLUB: HWalign=64, Order=0-3 MinObjects=0, CPUs=2, Nodes=1
[    0.000000] Hierarchical RCU implementation.
[    0.000000] 	Build-time adjustme of leaf fanout to 32.
[    0.000000] 	RCU rsticting CPUs frm _CPUS=8 to nr_cpu_ids=2.
[    0.000000] RCU: Adjusting geometry for rcu_fanout_leaf=32, nr_cpu_ids=2
[    0.000000] NR_IRQS2304 nr_irqs:440 16
[    0.000000] Console: colour VGA+ 80x25
[    0.000000] console [tty1] enabled
[    0.000000] console [ttyS0] enabled
[    0.000000] allocated 1048576 bytes of page_ext
[    0.000000] tsc: Detected 3000.000 MHz processor
[    3.563601] Calibrating delay loop (skipped) preset value.. 6000.00 BogoMIPS (lpj=12000000)
[    3.564964] pid_max: default: 32768 minimum: 301
[    3.565694] ACPI: Core revision 20150930
[    3.56714] PI 2 ACPI AML tablees successfully acquired and loaded
[    3.621635] Security Framework initialized
[    3.624273] Yama: becoming mindful.
[    3.624934] AppArmor: AppArmor initialized
[    3.654816] Mount-cache hash table entries: 2048 (order: 1, 8192 bytes)
[    3.655787] Mountpoint-cache hash table entries: 2048 (order: 1, 8192 bytes)
[    3.656933] Initializing cgroup subsys io
[    3.657601] Initializing cgroup subsys memory
[    3.658270] Initializing cgroup subsys devices
[    3.658947] Initializing cgroup subsys freezer
[    3.666442] Initializing cgroup subsys net_cls
[    3.667177] Initializing cgroup subsys perf_event
[    3.696689] Initializing cgroup subsys net_prio
[    3.700335] Initializing cgroup subsys hugetlb
[    3.704726] Initializing cgroup subsys pids
[    3.705514] CPU: Physical Processor ID: 0
[    3.713023] CPU: Processor Core ID: 0
[    3.715882] mce: CPU supports 0 MCE banks
[    3.716567] Last level iTLB entries: 4KB 128, 2MB 8, 4MB 8
[    3.717366] Last level dTLB entries: 4KB 64, 2MB 0, 4MB 0, 1GB 4
[    3.718270] Spectre V2 : Mitigation: Full generic retpoline
[    3.719105] Spectre V2 : Speculation control IBPB not-supported IBRS not-supported
[    3.720181] Spectre V2 : Filling RSB on context switch
[    3.721229] Speculative Store Bypass: Vulnerable
[    3.747917] Freeing SMP alternatives memory: 32K
[    3.756110] ftrace: allocating 31507 entries in 62 pages
[    3.810526] smpboot: APIC(0) Converting physical 0 to logical package 0
[    3.845223] smpboot: Max logical packages: 1
[    3.887864] Enabling APIC mode:  Flat.  Using 1 I/O APICs
[    3.889731] ..TIMER: vector=0x30 apic1=0 pin1=2 apic2=-1 pin2=-1
[    3.995801] smpboot: CPU0: Intel(R) Core(TM) i5-7400 CPU @ 3.00GHz (family: 0x6, model: 0x9e, stepping: 0x9)
[    4.192396] Performance Events: unsupported p6 CPU model 158 no PMU driver, software events only.
[    4.247184] KVM setup paravirtual spinlock
[    4.248573] x86: Booting SMP configuration:
[    4.251763] .... node  #0, CPUs:      #1
[1266874886.634511] Initializing CPU#1
[    4.264419] kvm-clock: cpu 1, msr 0:37bfd041, secondary cpu clock
[    4.267232] mce: CPU supports 0 MCE banks
[    4.269627] x86: Booted up 1 node, 2 CPUs
[    4.270458] smpboot: Total of 2 processors activated (12000.00 BogoMIPS)
[    4.288836] devtmpfs: initialized
[    4.289615] evm: security.selinux
[    4.314226] evm: security.SMACK64
[    4.346558] evm: security.SMACK64EXEC
[    4.373974] evm: security.SMACK64TRANSMUTE
[    4.374632] evm: security.SMACK64MMAP
[    4.375278] evm: security.ima
[    4.405988] evm: security.capability
[    4.471475] clocksource: jiffies: mask: 0xffffffff max_cycles: 0xffffffff, max_idle_ns: 7645041785100000 ns
[    4.479239] futex hash table entries: 512 (order: 3, 32768 bytes)
[    4.507849] pinctrl core: initialized pinctrl subsystem
[    4.532617] RTC time: 22:34:02, date: 06/26/18
[    4.537450] NET: Registered protocol family 16
[    4.538271] EISA bus registered
[    4.550109] cpuidle: using governor ladder
[    4.562023] cpuidle: using governor menu
[    4.611110] PCCT header not found.
[    4.673866] ACPI: bus type PCI registered
[    4.748712] acpiphp: ACPI Hot Plug PCI Controller Driver version: 0.5
[    4.769914] PCI : PCI BIOS area is rw and x. Use pci=nobios if you want it NX.
[    4.771144] PCI: PCI BIOS revision 2.10 entry at 0xfda26, last bus=0
[    4.851334] PCI: Using configuration type 1 for base access
[    4.873383] ACPI: Added _OSI(Module Device)
[    4.950852] ACPI: Added _OSI(Processor Device)
[    4.951544] ACPI: Added _OSI(3.0 _SCP Extensions)
[    4.952297] ACPI: Added _OSI(Processor Aggregator Device)
[    4.966448] ACPI: Executed 1 blocks of module-level executable AML code
[    4.972612] ACPI: Interpreter enabled
[    4.973385] ACPI: (supports S0 S5)
[    4.982220] ACPI: Using IOAPIC for interrupt routing
[    4.983291] PCI: Using host bridge windows from ACPI; if necessary, use "pci=nocrs" and report a bug
[    5.014607] ACPI: PCI Root Bridge [PCI0] (domain 0000 [bus 00-ff])
[    5.021508] acpi PNP0A03:00: _OSC: OS supports [ASPM ClockPM Segments MSI]
[    5.032235] acpi PNP0A03:00: _OSC: not requesting OS control; OS requires [ExtendedConfig ASPM ClockPM MSI]
[    5.033686] acpi PNP0A03:00: fail to add MMCONFIG information, can't access extended PCI configuration space under this bridge.
[    5.051183] PCI host bridge to bus 0000:00
[    5.051851] pci_bus 0000:00: root bus resource [io  0x0000-0x0cf7 window]
[    5.052798] pci_bus 0000:00: root bus resource [io  0x0d00-0xffff window]
[    5.053798] pci_bus 0000:00: root bus resource [mem 0x000a0000-0x000bffff window]
[    5.069033] pci_bus 0000:00: root bus resource [mem 0x40000000-0xfdffffff window]
[    5.076054] pci_bus 0000:00: root bus resource [bus 00-ff]
[    5.078338] pci 0000:00:01.1: legacy IDE quirk: reg 0x10: [io  0x01f0-0x01f7]
[    5.079341] pci 0000:00:01.1: legacy IDE quirk: reg 0x14: [io  0x03f6]
[    5.080336] pci 0000:00:01.1: legacy IDE quirk: reg 0x18: [io  0x0170-0x0177]
[    5.081359] pci 0000:00:01.1: legacy IDE quirk: reg 0x1c: [io  0x0376]
[    5.094515] pci 0000:00:07.0: quirk: [io  0x4000-0x403f] claimed by PIIX4 ACPI
[    5.101824] pci 0000:00:07.0: quirk: [io  0x4100-0x410f] claimed by PIIX4 SMB
[    5.108851] ACPI: PCI Interrupt Link [LNKA] (IRQs 5 9 10 *11)
[    5.121421] ACPI: PCI Interrupt Link [LNKB] (IRQs 5 9 *10 11)
[    5.122882] ACPI: PCI Interrupt Link [LNKC] (IRQs 5 *9 10 11)
[    5.137802] ACPI: PCI Interrupt Link [LNKD] (IRQs 5 9 10 *11)
[    5.139411] ACPI: Enabled 2 GPEs in block 00 to 07
[    5.156165] vgaarb: setting as boot device: PCI:0000:00:02.0
[    5.157044] vgaarb: device added: PCI:0000:00:02.0,decodes=io+mem,owns=io+mem,locks=none
[    5.158305] vgaarb: loaded
[    5.192788] vgaarb: bridge control possible 0000:00:02.0
[    5.193793] SCSI subsystem initialized
[    5.194570] ACPI: bus type USB registered
[    5.205686] usbcore: registered new interface driver usbfs
[    5.206552] usbcore: registered new interface driver hub
[    5.207419] usbcore: registered new device driver usb
[    5.214924] PCI: Using ACPI for IRQ routing
[    5.222822] NetLabel: Initializing
[    5.276743] NetLabel:  domain hash size = 128
[    5.277548] NetLabel:  protocols = UNLABELED CIPSOv4
[    5.278362] NetLabel:  unlabeled traffic allowed by default
[    5.279437] amd_nb: Cannot enumerate AMD northbridges
[    5.280248] clocksource: Switched to clocksource kvm-clock
[    5.287240] AppArmor: AppArmor Filesystem Enabled
[    5.288037] pnp: PnP ACPI init
[    5.925]npPnP ACPI: found 3 devices
[    5581] PBS: Disabled by ACPI PNP

[   .645 clocksource: acpi_pm: mask: 0xffffff max_cycles: 0xffffff, max_idle_ns: 2085701024 ns
[    5.832915] NET: Registered protocol family 2

[    5.83379TCP established hash table entries: 8192 (order: 3, 32768 bytes)
[    5.921702] TCP bind hash table entries: 8192 (order: 4, 65536 bytes)
[    5.925047] TCP: Hash tables configured (established 8192 bind 8192)
[    5.926010] UDP hash table entries: 512 (order: 2, 16384 bytes)
[    5.926877] UDP-Lite hash table entries: 512 (order: 2, 16384 bytes)
[    5.927902] NET: Registered protocol family 1
    5.928677] pci 0000:00:00.0: Limiting direct PCI/PCI transfers
[    5.952469] pci 0000:00:01.0: Activating ISA DMA hang workarounds
[    5.953538] Unpacking initramfs...

[    700900] Freeing initrd memory: 10924K
[    7571] ptfm rtc_cmos registered platform RTC device (no PNP device found)
[    7.786119] Scanning for low memory corruption every 60 seconds

[    7.787475] audit: initializing netlink subsys (disabled)
[    7.801014] audit: type=2000 audit(1530052445.168:1): initialized
[    7.802163] Initialise system trusted keyring
[    7.803135] HugeTLB registered 2 MB page size, pre-allocated 0 pages
[    7.833540] zbud: loaded
[    7.834329] VFS: Disk quotas dquot_6.6.0
[    7.857541] VFS: Dquot-cache hash table entries: 1024 (order 0, 4096 bytes)
[    7.861172] squashfs: version 4.0 (2009/01/31) Phillip Lougher
[    7.862463] fuse init (API version 7.23)
[    7.870398] Key type big_key registered
[    7.871069] Allocating IMA MOK and blacklist keyrings.
[    7.873307] Key type asymmetric registered
[    7.873988] Asymmetric key parser 'x509' registered
[    7.874751] bounce: pool size: 64 pages
[    7.875454] Block layer SCSI generic (bsg) driver version 0.4 loaded (major 249)
[    7.876775] io scheduler noop registered
[    7.882914] io scheduler deadline registered (default)
[    7.909002] io scheduler cfq registered
[    7.916192] pci_hotplug: PCI Hot Plug PCI Core version: 0.5
[    7.917077] pciehp: PCI Express Hot Plug Controller Driver version: 0.4
[    7.961058] ACPI: AC Adapter [AC] (on-line)
[    7.971698] input: Power Button as /devices/LNXSYSTM:00/LNXPWRBN:00/input/input0
[    7.973065] ACPI: Power Button [PWRF]
[    7.973725] input: Sleep Button as /devices/LNXSYSTM:00/LNXSLPBN:00/input/input1
[    7.974960] ACPI: Sleep Button [SLPF]
[    7.984618] GHES: HEST is not enabled!
[    7.996983] isapnp: Scanning for PnP cards...
[    8.003244] Serial: 8250/16550 driver, 32 ports, IRQ sharing enabled
[    8.037091] 00:02: ttyS0 at I/O 0x3f8 (irq = 4, base_baud = 115200) is a 16550A
[    8.073438] Linux agpgart interface v0.103
[    8.122812] loop: module loaded
[    8.123783] scsi host0: ata_piix
[    8.124439] scsi host1: ata_piix
[    8.125024] ata1: PATA max UDMA/33 cmd 0x1f0 ctl 0x3f6 bmdma 0xd000 irq 14
[    8.126017] ata2: PATA max UDMA/33 cmd 0x170 ctl 0x376 bmdma 0xd008 irq 15
[    8.170857] libphy: Fixed MDIO Bus: probed
[    8.171531] tun: Universal TUN/TAP device driver, 1.6
[    8.172354] tun: (C) 1999-2004 Max Krasnyansky <maxk@qualcomm.com>
[    8.173335] PPP generic driver version 2.4.2
[    8.174066] ehci_hcd: USB 2.0 'Enhanced' Host Controller (EHCI) Driver
[    8.174989] ehci-pci: EHCI PCI platform driver
[    8.175705] ehci-platform: EHCI generic platform driver
[    8.189008] ohci_hcd: USB 1.1 'Open' Host Controller (OHCI) Driver
[    8.189920] ohci-pci: OHCI PCI platform driver
[    8.190608] ohci-platform: OHCI generic platform driver
[    8.222698] uhci_hcd: USB Universal Host Controller Interface driver
[    8.298114] i8042: PNP: PS/2 Controller [PNP0303:PS2K,PNP0f03:PS2M] at 0x60,0x64 irq 1,12
[    8.355167] isapnp: No Plug & Play device found
[    8.359927] serio: i8042 KBD port at 0x60,0x64 irq 1
[    .360735] serio: i8042 AUX port at 0x60,0x64 irq 12

[    8.385028] mousedev: PS/2 mouse device common for all mice
[    8.386265] rtc_cmos rtc_cmos: rtc core: registered rtc_cmos as rtc0
[    8.387248] input: AT Translated Set 2 keyboard as /devices/platform/i8042/serio0/input/input2
[    8.388739] rtc_cmos rtc_cmos: alarms up to one day, 114 bytes nvram
[    8.389645] i2c /dev entries driver
[    8.390374] device-mapper: uevent: version 1.0.3
[    8.392428] device-mapper: ioctl: 4.34.0-ioctl (2015-10-28) initialised: dm-devel@redhat.com
[    8.393798] platform eisa.0: Probing EISA bus 0
[    8.394487] platform eisa.0: EISA: Cannot allocate resource for mainboard
[    8.395438] platform eisa.0: Cannot allocate resource for EISA slot 1
[    8.396356] platform eisa.0: Cannot allocate resource for EISA slot 2
[    8.405298] platform eisa.0: Cannot allocate resource for EISA slot 3
[    8.406239] platform eisa.0: Cannot allocate resource for EISA slot 4
[    8.407161] platform eisa.0: Cannot allocate resource for EISA slot 5
[    8.408111] platform eisa.0: Cannot allocate resource for EISA slot 6
[    8.443940] platform eisa.0: Cannot allocate resource for EISA slot 7
[    8.444888] platform eisa.0: Cannot allocate resource for EISA slot 8
[    8.445818] platform eisa.0: EISA: Detected 0 cards
[    8.446581] cpufreq-nforce2: No nForce2 chipset.
[    8.447282] ledtrig-cpu: registered to indicate activity on CPUs
[    8.448432] NET: Registered protocol family 10
[    8.449316] NET: Registered protocol family 17
[    8.450022] Key type dns_resolver registered
[    8.450835] Using IPI No-Shortcut mode
[    8.451560] registered taskstats version 1
[    8.452262] Loading compiled-in X.509 certificates
[    8.454716] Loaded X.509 cert 'Build time autogenerated kernel key: 0b3c1d851de6a8cf3c1a8b109c1e4ffa4a09413b'
[    8.456241] zswap: loaded using pool lzo/zbud
[    8.458393] Key type trusted registered
[    8.467717] Key type encrypted registered
[    8.512297] AppArmor: AppArmor sha1 policy hashing enabled
[    8.525226] ima: No TPM chip found, activating TPM-bypass!
[    8.526109] evm: HMAC attrs: 0x1
[    8.527008]   Magic number: 6:319:604
[    8.552149] rtc_cmos rtc_cmos: setting system clock to 2018-06-26 22:34:06 UTC (1530052446)
[    8.553609] BIOS EDD facility v0.16 2004-Jun-25, 0 devices found
[    8.575964] EDD information not available.
[    8.576692] tsc: Refined TSC clocksource calibration: 3000.348 MHz
[    8.577630] clocksource: tsc: mask: 0xffffffffffffffff max_cycles: 0x2b3f8de5db0, max_idle_ns: 440795245215 ns
[    8.579693] Freeing unused kernel memory: 948K
[    8.592398] Write protecting the kernel text: 8024k
[    8.606481] Write protecting the kernel read-only data: 3180k
[    8.607342] NX-protecting the kernel data: 6312k
Loading, please wait...
starting version 229
[    8.618392] random: systemd-udevd: uninitialized urandom read (16 bytes read, 0 bits of entropy available)
[    8.618844] random: udevadm: uninitialized urandom read (16 bytes read, 0 bits of entropy available)
[    8.626482] random: udevadm: uninitialized urandom read (16 bytes read, 0 bits of entropy available)
[    8.626515] random: udevadm: uninitialized urandom read (16 bytes read, 0 bits of entropy available)
[    8.626620] random: udevadm: uninitialized urandom read (16 bytes read, 0 bits of entropy available)
[    8.626659] random: udevadm: uninitialized urandom read (16 bytes read, 0 bits of entropy available)
[    8.626697] random: udevadm: uninitialized urandom read (16 bytes read, 0 bits of entropy available)
[    8.626740] random: udevadm: uninitialized urandom read (16 bytes read, 0 bits of entropy available)
[    8.626778] random: udevadm: uninitialized urandom read (16 bytes read, 0 bits of entropy available)
[    8.626815] random: udevadm: uninitialized urandom read (16 bytes read, 0 bits of entropy available)
[    8.860181] Fusion MPT base driver 3.04.20
[    8.877468] Copyright (c) 1999-2008 LSI Corporation
[    8.912179] Fusion MPT SPI Host driver 3.04.20
[    8.913460] mptbase: ioc0: Initiating bringup
[    8.914895] e1000: Intel(R) PRO/1000 Network Driver - version 7.3.21-k8-NAPI
[    8.915921] e1000: Copyright (c) 1999-2006 Intel Corporation.
[    9.037649] ioc0: LSI53C1030 A0: Capabilities={Initiator}
[    9.458962] input: ImExPS/2 Generic Explorer Mouse as /devices/platform/i8042/serio1/input/input4
[    9.718932] scsi host2: ioc0: LSI53C1030 A0, FwRev=00000000h, Ports=1, MaxQ=256, IRQ=20
[   10.660984] scsi 2:0:0:0: Direct-Access     VBOX     HARDDISK         1.0  PQ: 0 ANSI: 5
[   10.701005] scsi target2:0:0: Beginning Domain Validation
[   10.787051] scsi target2:0:0: Domain Validation skipping write tests
[   10.837649] scsi target2:0:0: Ending Domain Validation
[   10.843898] scsi target2:0:0: asynchronous
[   10.866712] scsi 2:0:1:0: Direct-Access     VBOX     HARDDISK         1.0  PQ: 0 ANSI: 5
[   10.883988] scsi target2:0:1: Beginning Domain Validation
[   10.903277] scsi target2:0:1: Domain Validation skipping write tests
[   10.919921] scsi target2:0:1: Ending Domain Validation
[   10.927331] scsi target2:0:1: asynchronous
[   10.936974] sd 2:0:0:0: Attached scsi generic sg0 type 0
[   10.938111] sd 2:0:0:0: [sda] 20971520 512-byte logical blocks: (10.7 GB/10.0 GiB)
[   10.948882] sd 2:0:1:0: [sdb] 20480 512-byte logical blocks: (10.5 MB/10.0 MiB)
[   10.978393] sd 2:0:1:0: Attached scsi generic sg1 type 0
[   10.985118] sd 2:0:0:0: [sda] Write Protect is off
[   10.985945] sd 2:0:1:0: [sdb] Write Protect is off
[   10.986885] sd 2:0:0:0: [sda] Incomplete mode parameter data
[   10.987768] sd 2:0:0:0: [sda] Assuming drive cache: write through
[   10.988769] sd 2:0:1:0: [sdb] Incomplete mode parameter data
[   10.989706] sd 2:0:1:0: [sdb] Assuming drive cache: write through
[   10.991662]  sda: sda1
[   11.006823] sd 2:0:0:0: [sda] Attached SCSI disk
[   11.008255] sd 2:0:1:0: [sdb] Attached SCSI disk
[   11.043734] e1000 0000:00:03.0 eth0: (PCI:33MHz:32-bit) 02:3e:60:13:58:6b
[   11.051257] e1000 0000:00:03.0 eth0: Intel(R) PRO/1000 Network Connection
[   11.067775] e1000 0000:00:03.0 enp0s3: renamed from eth0
Begin: Loading essential drivers[   12.397788] md: linear personality registered for level -1
 ... [   12.435681] md: multipath personality registered for level -4
[   12.527213] md: raid0 personality registered for level 0
[   12.551388] md: raid1 personality registered for level 1
[   12.637920] raid6: mmxx1    gen()  4605 MB/s
[   12.716657] raid6: mmxx2    gen()  4943 MB/s
[   12.796301] raid6: sse1x1   gen()  4060 MB/s
[   12.865296] raid6: sse1x2   gen()  4941 MB/s
[   12.932268] raid6: sse2x1   gen()  8261 MB/s
[   13.000999] raid6: sse2x1   xor()  4800 MB/s
[   13.069023] raid6: sse2x2   gen()  9461 MB/s
[   13.136340] raid6: sse2x2   xor()  8106 MB/s
[   13.204645] raid6: avx2x1   gen() 22268 MB/s
[   13.272986] raid6: avx2x2   gen() 26168 MB/s
[   13.276458] raid6: using algorithm avx2x2 gen() 26168 MB/s
[   13.278021] raid6: using avx2x1 recovery algorithm
[   13.283057] xor: automatically using best checksumming function:
[   13.340402]    avx       : 16516.000 MB/sec
[   13.343433] async_tx: api initialized (async)
[   13.362255] md: raid6 personality registered for level 6
[   13.363164] md: raid5 personality registered for level 5
[   13.364011] md: raid4 personality registered for level 4
[   13.377645] md: raid10 personality registered for level 10
done.
Begin: Running /scripts/init-premount ... done.
Begin: Mounting root file system ... Begin: Running /scripts/local-top ... done.
Begin: Running /scripts/local-premount ... [   13.417800] Btrfs loaded
Scanning for Btrfs filesystems
done.
Warning: fsck not present, so skipping root file system
[   13.448735] EXT4-fs (sda1): INFO: recovery required on readonly filesystem
[   13.450417] EXT4-fs (sda1): write access will be enabled during recovery
[   13.708624] EXT4-fs (sda1): orphan cleanup on readonly fs
[   13.709619] EXT4-fs (sda1): 6 orphan inodes deleted
[   13.710500] EXT4-fs (sda1): recovery complete
[   13.713128] EXT4-fs (sda1): mounted filesystem with ordered data mode. Opts: (null)
done.
Begin: Running /scripts/local-bottom ... done.
Begin: Running /scripts/init-bottom ... done.
[   13.839219] random: nonblocking pool is initialized
[   13.877509] systemd[1]: systemd 229 running in system mode. (+PAM +AUDIT +SELINUX +IMA +APPARMOR +SMACK +SYSVINIT +UTMP +LIBCRYPTSETUP +GCRYPT +GNUTLS +ACL +XZ -LZ4 +SECCOMP +BLKID +ELFUTILS +KMOD -IDN)
[   13.913466] systemd[1]: Detected virtualization oracle.
[   13.914400] systemd[1]: Detected architecture x86.

Welcome to [1mUbuntu 16.04.4 LTS[0m!

[   13.954019] systemd[1]: Set hostname to <ubuntu-xenial>.
[   14.166540] systemd[1]: Listening on Journal Audit Socket.
[[0;32m  OK  [0m] Listening on Journal Audit Socket.
[   14.186083] systemd[1]: Listening on Device-mapper event daemon FIFOs.
[[0;32m  OK  [0m] Listening on Device-mapper event daemon FIFOs.
[   14.205037] systemd[1]: Created slice System Slice.
[[0;32m  OK  [0m] Created slice System Slice.
[   14.210978] systemd[1]: Created slice system-serial\x2dgetty.slice.
[[0;32m  OK  [0m] Created slice system-serial\x2dgetty.slice.
[   14.213406] systemd[1]: Listening on /dev/initctl Compatibility Named Pipe.
[[0;32m  OK  [0m] Listening on /dev/initctl Compatibility Named Pipe.
[   14.216953] systemd[1]: Listening on Journal Socket (/dev/log).
[[0;32m  OK  [0m] Listening on Journal Socket (/dev/log).
[   14.226849] systemd[1]: Listening on LVM2 poll daemon socket.
[[0;32m  OK  [0m] Listening on LVM2 poll daemon socket.
[   14.240640] systemd[1]: Listening on Journal Socket.
[[0;32m  OK  [0m] Listening on Journal Socket.
[   14.252796] systemd[1]: Starting Set console keymap...
         Starting Set console keymap...
[   14.262792] systemd[1]: Mounting Huge Pages File System...
         Mounting Huge Pages File System...
[   14.275492] systemd[1]: Mounting POSIX Message Queue File System...
         Mounting POSIX Message Queue File System...
[   14.277548] systemd[1]: Listening on Syslog Socket.
[[0;32m  OK  [0m] Listening on Syslog Socket.
[   14.279484] systemd[1]: Set up automount Arbitrary Executable File Formats File System Automount Point.
[[0;32m  OK  [0m] Set up automount Arbitrary Executab...ats File System Automount Point.
[   14.282905] systemd[1]: Starting Uncomplicated firewall...
         Starting Uncomplicated firewall...
[   14.285249] systemd[1]: Mounting Debug File System...
         Mounting Debug File System...
[   14.294821] systemd[1]: Reached target Encrypted Volumes.
[[0;32m  OK  [0m] Reached target Encrypted Volumes.
[   14.299053] systemd[1]: Created slice User and Session Slice.
[[0;32m  OK  [0m] Created slice User and Session Slice.
[   14.301735] systemd[1]: Listening on udev Kernel Socket.
[[0;32m  OK  [0m] Listening on udev Kernel Socket.
[   14.303600] systemd[1]: Reached target Swap.
[[0;32m  OK  [0m] Reached target Swap.
[   14.305343] systemd[1]: Started Trigger resolvconf update for networkd DNS.
[[0;32m  OK  [0m] Started Trigger resolvconf update for networkd DNS.
[   14.307570] systemd[1]: Reached target Slices.
[[0;32m  OK  [0m] Reached target Slices.
[   14.309312] systemd[1]: Listening on udev Control Socket.
[[0;32m  OK  [0m] Listening on udev Control Socket.
[   14.311153] systemd[1]: Reached target User and Group Name Lookups.
[[0;32m  OK  [0m] Reached target User and Group Name Lookups.
[   14.328405] systemd[1]: Starting Nameserver information manager...
         Starting Nameserver information manager...
[   14.330468] systemd[1]: Started Forward Password Requests to Wall Directory Watch.
[[0;32m  OK  [0m] Started Forward Password Requests to Wall Directory Watch.
[   14.333161] systemd[1]: Reached target System Time Synchronized.
[[0;32m  OK  [0m] Reached target System Time Synchronized.
[   14.337173] systemd[1]: Starting Load Kernel Modules...
         Starting Load Kernel Modules...
[   14.361294] Loading iSCSI transport class v2.0-870.
[   14.361518] systemd[1]: Starting Remount Root and Kernel File Systems...
         Starting Remount Root a[   14.365165] EXT4-fs (sda1): re-mounted. Opts: (null)
nd Kernel File S[   14.432107] iscsi: registered transport (tcp)
ystems...
[   14.472937] systemd[1]: Listening on LVM2 metadata daemon socket.
[[0;32m  OK  [0m] Listening on LVM2 metadata da[   14.504882] iscsi: registered transport (iser)
emon socket.
[   14.549451] systemd[1]: Starting Monitoring of LVM2 mirrors, snapshots etc. using dmeventd or progress polling...
         Starting Monitoring of LVM2 mirrors... dmeventd or progress polling...
[   14.621560] systemd[1]: Starting Create list of required static device nodes for the current kernel...
         Starting Create list of required st... nodes for the current kernel...
[   14.741627] systemd[1]: Starting Journal Service...
         Starting Journal Service...
[   14.821363] systemd[1]: Mounted Debug File System.
[[0;32m  OK  [0m] Mounted Debug File System.
[   14.847193] systemd[1]: Mounted Huge Pages File System.
[[0;32m  OK  [0m] Mounted Huge Pages File System.
[   14.870562] systemd[1]: Mounted POSIX Message Queue File System.
[[0;32m  OK  [0m] Mounted POSIX Message Queue File System.
[   14.872715] systemd[1]: Started Journal Service.
[[0;32m  OK  [0m] Started Journal Service.
[[0;32m  OK  [0m] Started Set console keymap.
[[0;32m  OK  [0m] Started Uncomplicated firewall.
[[0;32m  OK  [0m] Started Load Kernel Modules.
[[0;32m  OK  [0m] Started Remount Root and Kernel File Systems.
[[0;32m  OK  [0m] Started Create list of required sta...ce nodes for the current kernel.
[[0;32m  OK  [0m] Started Nameserver information manager.
[[0;32m  OK  [0m] Started LVM2 metadata daemon.
         Starting Create Static Device Nodes in /dev...
         Starting udev Coldplug all Devices...
         Starting Load/Save Random Seed...
         Starting Apply Kernel Variables...
         Mounting FUSE Control File System...
         Starting Flush Journal to Persistent Storage...
[[0;32m  OK  [0m] Mounted FUSE Control File System.
[[0;32m  OK  [0m] Started Create Static Device Nodes in /dev.
[[0;32m  OK  [0m] Started Load/Save Random Seed.
[[0;32m  OK  [0m] Started Apply Kernel Variables.
[[0;32m  OK  [0m] Started udev Coldplug all Devices.
[[0;32m  OK  [0m] Started Flush Journal to Persistent Storage.
         Starting udev Kernel Device Manager...
[[0;32m  OK  [0m] Started Monitoring of LVM2 mirrors,...ng dmeventd or progress polling.
[[0;32m  OK  [0m] Started udev Kernel Device Manager.
[[0;32m  OK  [0m] Reached target Local File Systems (Pre).
[[0;32m  OK  [0m] Reached target Local File Systems.
         Starting LSB: AppArmor initialization...
         Starting Tell Plymouth To Write Out Runtime Data...
         Starting Create Volatile Files and Directories...
         Starting Set console font and keymap...
         Starting Initial cloud-init job (pre-networking)...
[[0;32m  OK  [0m] Started Dispatch Password Requests to Console Directory Watch.
[[0;32m  OK  [0m] Started Tell Plymouth To Write Out Runtime Data.
[[0;32m  OK  [0m] Started Create Volatile Files and Directories.
         Starting Update UTMP about System Boot/Shutdown...
[[0;32m  OK  [0m] Started Update UTMP about System Boot/Shutdown.
[[0;32m  OK  [0m] Found device /dev/ttyS0.
[[0;32m  OK  [0m] Started LSB: AppArmor initialization.
[[0;32m  OK  [0m] Found device 82540EM Gigabit Ethern...r (PRO/1000 MT Desktop Adapter).
[[0;32m  OK  [0m] Listening on Load/Save RF Kill Switch Status /dev/rfkill Watch.
[[0;32m  OK  [0m] Started Set console font and keymap.
[[0;32m  OK  [0m] Created slice system-getty.slice.
[   11.948872] cloud-init[487]: Cloud-init v. 18.2 running 'init-local' at Tue, 26 Jun 2018 22:34:14 +0000. Up 11.57 seconds.
[[0;32m  OK  [0m] Started Initial cloud-init job (pre-networking).
[[0;32m  OK  [0m] Reached target Network (Pre).
[[0;32m  OK  [0m] Started ifup for enp0s3.
         Starting Raise network interfaces...
[[0;32m  OK  [0m] Started Raise network interfaces.
         Starting Initial cloud-init job (metadata service crawler)...
[[0;32m  OK  [0m] Reached target Network.
[   12.937216] cloud-init[998]: Cloud-init v. 18.2 running 'init' at Tue, 26 Jun 2018 22:34:15 +0000. Up 12.64 seconds.
[   12.967979] cloud-init[998]: ci-info: +++++++++++++++++++++++++++++++++++++Net device info++++++++++++++++++++++++++++++++++++++
[[0;32m  OK  [0m] Started Initial cloud-init job (metadata service crawler).
[   12.972467] cloud-init[998]: ci-info: +--------+------+----------------------------+---------------+-------+-------------------+
[   12.972645] cloud-init[998]: ci-info: | Device |  Up  |          Address           |      Mask     | Scope |     Hw-Address    |
[[0;32m  OK  [0m] Reached target Cloud-config availability.
[   12.972898] cloud-init[998]: ci-info: +--------+------+----------------------------+---------------+-------+-------------------+
[   12.989400] cloud-init[998]: ci-info: | enp0s3 | True |         10.0.2.15          | 255.255.255.0 |   .   | 02:3e:60:13:58:6b |
[[0;32m  OK  [0m] Reached target Network is Online.
[   12.989580] cloud-init[998]: ci-info: | enp0s3 | True | fe80::3e:60ff:fe13:586b/64 |       .       |  link | 02:3e:60:13:58:6b |
[   13.049189] cloud-init[998]: ci-info: |   lo   | True |         127.0.0.1          |   255.0.0.0   |   .   |         .         |
[   13.049393] cloud-init[998]: ci-info: |   lo   | True |          ::1/128           |       .       |  host |         .         |
[   13.049500] cloud-init[998]: ci-info: +--------+------+----------------------------+---------------+-------+-------------------+
[   13.049675] cloud-init[998]: ci-info: +++++++++++++++++++++++++++Route IPv4 info++++++++++++++++++++++++++++
         Starting iSCSI initiator daemon (iscsid)...
[   13.049874] cloud-init[998]: ci-info: +-------+-------------+----------+---------------+-----------+-------+
[   13.065371] cloud-init[998]: ci-info: | Route | Destination | Gateway  |    Genmask    | Interface | Flags |
[[0;32m  OK  [0m] Reached target System Initialization.
[   13.065555] cloud-init[998]: ci-info: +-------+-------------+----------+---------------+-----------+-------+
[   13.135990] cloud-init[998]: ci-info: |   0   |   0.0.0.0   | 10.0.2.2 |    0.0.0.0    |   enp0s3  |   UG  |
[   13.137092] cloud-init[998]: ci-info: |   1   |   10.0.2.0  | 0.0.0.0  | 255.255.255.0 |   enp0s3  |   U   |
[   13.138346] cloud-init[998]: ci-info: +-------+-------------+----------+---------------+-----------+-------+
[[0;32m  OK  [0m] Listening on D-Bus System Message Bus Socket.
[[0;32m  OK  [0m] Started ACPI Events Check.
[[0;32m  OK  [0m] Reached target Paths.
         Starting LXD - unix socket.
[[0;32m  OK  [0m] Started Daily Cleanup of Temporary Directories.
         Starting Socket activation for snappy daemon.
[[0;32m  OK  [0m] Listening on ACPID Listen Socket.
[[0;32m  OK  [0m] Started Daily apt download activities.
[[0;32m  OK  [0m] Started Daily apt upgrade and clean activities.
[[0;32m  OK  [0m] Reached target Timers.
[[0;32m  OK  [0m] Listening on UUID daemon activation socket.
[[0;32m  OK  [0m] Listening on LXD - unix socket.
[[0;32m  OK  [0m] Listening on Socket activation for snappy daemon.
[[0;32m  OK  [0m] Started iSCSI initiator daemon (iscsid).
         Starting Login to default iSCSI targets...
[[0;32m  OK  [0m] Reached target Sockets.
[[0;32m  OK  [0m] Reached target Basic System.
[[0;32m  OK  [0m] Started FUSE filesystem for LXC.
         Starting LXD - container startup/shutdown...
         Starting Accounts Service...
[[0;32m  OK  [0m] Started Regular background program processing daemon.
[[0;32m  OK  [0m] Started D-Bus System Message Bus.
         Starting Virtualbox guest utils...
         Starting LSB: MD monitoring daemon...
[[0;32m  OK  [0m] Started ACPI event daemon.
         Starting Apply the settings specified in cloud-config...
         Starting LSB: Record successful boot for GRUB...
         Starting OpenBSD Secure Shell server...
[[0;32m  OK  [0m] Started Unattended Upgrades Shutdown.
         Starting Snappy daemon...
[[0;32m  OK  [0m] Started Deferred execution scheduler.
         Starting System Logging Service...
         Starting MySQL Community Server...
         Starting Login Service...
         Starting /etc/rc.local Compatibility...
[[0;32m  OK  [0m] Started LXD - container startup/shutdown.
[[0;32m  OK  [0m] Started /etc/rc.local Compatibility.
[[0;32m  OK  [0m] Started System Logging Service.
[[0;32m  OK  [0m] Started OpenBSD Secure Shell server.
[[0;32m  OK  [0m] Started Login to default iSCSI targets.
[[0;32m  OK  [0m] Started LSB: MD monitoring daemon.
[[0;32m  OK  [0m] Started LSB: Record successful boot for GRUB.
[[0;32m  OK  [0m] Started Snappy daemon.
[[0;32m  OK  [0m] Started Virtualbox guest utils.
[[0;32m  OK  [0m] Started Login Service.
         Starting Authenticate and Authorize Users to Run Privileged Tasks...
         Starting Wait until snapd is fully seeded...
[[0;32m  OK  [0m] Reached target Remote File Systems (Pre).
[[0;32m  OK  [0m] Reached target Remote File Systems.
         Starting LSB: automatic crash report generation...
         Starting LSB: Apache2 web server...
         Starting LSB: daemon to balance interrupts for SMP systems...
         Starting Permit User Sessions...
         Starting LSB: Set the CPU Frequency Scaling governor to "ondemand"...
[[0;32m  OK  [0m] Started Wait until snapd is fully seeded.
[[0;32m  OK  [0m] Started Permit User Sessions.
[[0;32m  OK  [0m] Started Authenticate and Authorize Users to Run Privileged Tasks.
[[0;32m  OK  [0m] Started Accounts Service.
         Starting Hold until boot process finishes up...
         Starting Terminate Plymouth Boot Screen...
[[0;32m  OK  [0m] Started LSB: automatic crash report generation.
[[0;32m  OK  [0m] Started LSB: Set the CPU Frequency Scaling governor to "ondemand".
[[0;32m  OK  [0m] Started LSB: daemon to balance interrupts for SMP systems.
[[0;32m  OK  [0m] Started Hold until boot process finishes up.
[[0;32m  OK  [0m] Started Terminate Plymouth Boot Screen.
[[0;32m  OK  [0m] Started Getty on tty1.
         Starting Set console scheme...
[[0;32m  OK  [0m] Started Serial Getty on ttyS0.
[[0;32m  OK  [0m] Reached target Login Prompts.
[[0;32m  OK  [0m] Started Set console scheme.
[   14.813253] cloud-init[1091]: Cloud-init v. 18.2 running 'modules:config' at Tue, 26 Jun 2018 22:34:17 +0000. Up 14.56 seconds.
[[0;32m  OK  [0m] Started Apply the settings specified in cloud-config.
[[0;32m  OK  [0m] Created slice User Slice of vagrant.
         Starting User Manager for UID 1000...
[[0;32m  OK  [0m] Started Session 1 of user vagrant.
[[0;32m  OK  [0m] Started User Manager for UID 1000.
[[0;32m  OK  [0m] Started LSB: Apache2 web server.
[[0;32m  OK  [0m] Started MySQL Community Server.
[[0;32m  OK  [0m] Reached target Multi-User System.
[[0;32m  OK  [0m] Reached target Graphical Interface.
         Starting Update UTMP about System Runlevel Changes...
         Starting Execute cloud user/final scripts...
[[0;32m  OK  [0m] Started Update UTMP about System Runlevel Changes.
[   16.632825] cloud-init[1451]: Cloud-init v. 18.2 running 'modules:final' at Tue, 26 Jun 2018 22:34:19 +0000. Up 16.50 seconds.
[   16.680906] cloud-init[1451]: Cloud-init v. 18.2 finished at Tue, 26 Jun 2018 22:34:19 +0000. Datasource DataSourceNoCloud [seed=/dev/sdb][dsmode=net].  Up 16.62 seconds
[[0;32m  OK  [0m] Started Execute cloud user/final scripts.
[[0;32m  OK  [0m] Reached target Cloud-init target.
         Starting Daily apt download activities...

Ubuntu 16.04.4 LTS ubuntu-xenial ttyS0

ubuntu-xenial login: 